{"C:\\Users\\kurak\\react-2026-q2\\rs-react-app\\src\\App.tsx": {"path":"C:\\Users\\kurak\\react-2026-q2\\rs-react-app\\src\\App.tsx","statementMap":{"0":{"start":{"line":13,"column":17},"end":{"line":16,"column":null}},"1":{"start":{"line":18,"column":17},"end":{"line":20,"column":null}},"2":{"start":{"line":22,"column":17},"end":{"line":24,"column":null}},"3":{"start":{"line":19,"column":4},"end":{"line":19,"column":null}},"4":{"start":{"line":23,"column":6},"end":{"line":23,"column":null}},"5":{"start":{"line":28,"column":4},"end":{"line":44,"column":null}}},"fnMap":{"0":{"name":"(anonymous_0)","decl":{"start":{"line":18,"column":17},"end":{"line":18,"column":18}},"loc":{"start":{"line":18,"column":36},"end":{"line":20,"column":null}},"line":18},"1":{"name":"(anonymous_1)","decl":{"start":{"line":22,"column":17},"end":{"line":22,"column":23}},"loc":{"start":{"line":22,"column":23},"end":{"line":24,"column":null}},"line":22},"2":{"name":"(anonymous_2)","decl":{"start":{"line":27,"column":2},"end":{"line":27,"column":11}},"loc":{"start":{"line":27,"column":11},"end":{"line":46,"column":null}},"line":27}},"branchMap":{},"s":{"0":2,"1":2,"2":1,"3":2,"4":1,"5":6},"f":{"0":2,"1":1,"2":6},"b":{},"meta":{"lastBranch":0,"lastFunction":3,"lastStatement":6,"seen":{"s:13:17:16:Infinity":0,"s:18:17:20:Infinity":1,"s:22:17:24:Infinity":2,"f:18:17:18:18":0,"s:19:4:19:Infinity":3,"f:22:17:22:23":1,"s:23:6:23:Infinity":4,"f:27:2:27:11":2,"s:28:4:44:Infinity":5}}}
,"C:\\Users\\kurak\\react-2026-q2\\rs-react-app\\src\\components\\Card\\Card.tsx": {"path":"C:\\Users\\kurak\\react-2026-q2\\rs-react-app\\src\\components\\Card\\Card.tsx","statementMap":{"0":{"start":{"line":10,"column":38},"end":{"line":10,"column":null}},"1":{"start":{"line":12,"column":8},"end":{"line":16,"column":null}}},"fnMap":{"0":{"name":"(anonymous_0)","decl":{"start":{"line":9,"column":4},"end":{"line":9,"column":13}},"loc":{"start":{"line":9,"column":13},"end":{"line":18,"column":null}},"line":9}},"branchMap":{},"s":{"0":5,"1":5},"f":{"0":5},"b":{},"meta":{"lastBranch":0,"lastFunction":1,"lastStatement":2,"seen":{"f:9:4:9:13":0,"s:10:38:10:Infinity":0,"s:12:8:16:Infinity":1}}}
,"C:\\Users\\kurak\\react-2026-q2\\rs-react-app\\src\\components\\CardList\\CardList.tsx": {"path":"C:\\Users\\kurak\\react-2026-q2\\rs-react-app\\src\\components\\CardList\\CardList.tsx","statementMap":{"0":{"start":{"line":11,"column":8},"end":{"line":16,"column":null}},"1":{"start":{"line":14,"column":20},"end":{"line":14,"column":null}}},"fnMap":{"0":{"name":"(anonymous_0)","decl":{"start":{"line":10,"column":4},"end":{"line":10,"column":13}},"loc":{"start":{"line":10,"column":13},"end":{"line":18,"column":null}},"line":10},"1":{"name":"(anonymous_1)","decl":{"start":{"line":13,"column":38},"end":{"line":13,"column":39}},"loc":{"start":{"line":14,"column":20},"end":{"line":14,"column":null}},"line":14}},"branchMap":{},"s":{"0":24,"1":4},"f":{"0":24,"1":4},"b":{},"meta":{"lastBranch":0,"lastFunction":2,"lastStatement":2,"seen":{"f:10:4:10:13":0,"s:11:8:16:Infinity":0,"f:13:38:13:39":1,"s:14:20:14:Infinity":1}}}
,"C:\\Users\\kurak\\react-2026-q2\\rs-react-app\\src\\components\\ErrorBoundary\\ErrorBoundary.tsx": {"path":"C:\\Users\\kurak\\react-2026-q2\\rs-react-app\\src\\components\\ErrorBoundary\\ErrorBoundary.tsx","statementMap":{"0":{"start":{"line":11,"column":19},"end":{"line":13,"column":null}},"1":{"start":{"line":16,"column":8},"end":{"line":16,"column":null}},"2":{"start":{"line":20,"column":8},"end":{"line":20,"column":null}},"3":{"start":{"line":24,"column":8},"end":{"line":31,"column":null}},"4":{"start":{"line":25,"column":12},"end":{"line":29,"column":null}},"5":{"start":{"line":33,"column":8},"end":{"line":33,"column":null}}},"fnMap":{"0":{"name":"(anonymous_0)","decl":{"start":{"line":15,"column":11},"end":{"line":15,"column":38}},"loc":{"start":{"line":15,"column":38},"end":{"line":17,"column":null}},"line":15},"1":{"name":"(anonymous_1)","decl":{"start":{"line":19,"column":4},"end":{"line":19,"column":22}},"loc":{"start":{"line":19,"column":59},"end":{"line":21,"column":null}},"line":19},"2":{"name":"(anonymous_2)","decl":{"start":{"line":23,"column":4},"end":{"line":23,"column":13}},"loc":{"start":{"line":23,"column":13},"end":{"line":34,"column":null}},"line":23}},"branchMap":{"0":{"loc":{"start":{"line":24,"column":8},"end":{"line":31,"column":null}},"type":"if","locations":[{"start":{"line":24,"column":8},"end":{"line":31,"column":null}},{"start":{},"end":{}}],"line":24}},"s":{"0":4,"1":4,"2":2,"3":12,"4":4,"5":8},"f":{"0":2,"1":2,"2":12},"b":{"0":[4,8]},"meta":{"lastBranch":1,"lastFunction":3,"lastStatement":6,"seen":{"s:11:19:13:Infinity":0,"f:15:11:15:38":0,"s:16:8:16:Infinity":1,"f:19:4:19:22":1,"s:20:8:20:Infinity":2,"f:23:4:23:13":2,"b:24:8:31:Infinity:undefined:undefined:undefined:undefined":0,"s:24:8:31:Infinity":3,"s:25:12:29:Infinity":4,"s:33:8:33:Infinity":5}}}
,"C:\\Users\\kurak\\react-2026-q2\\rs-react-app\\src\\components\\ErrorTrigger\\ErrorTrigger.tsx": {"path":"C:\\Users\\kurak\\react-2026-q2\\rs-react-app\\src\\components\\ErrorTrigger\\ErrorTrigger.tsx","statementMap":{"0":{"start":{"line":9,"column":4},"end":{"line":11,"column":null}},"1":{"start":{"line":10,"column":6},"end":{"line":10,"column":null}},"2":{"start":{"line":13,"column":4},"end":{"line":13,"column":null}}},"fnMap":{"0":{"name":"(anonymous_0)","decl":{"start":{"line":8,"column":2},"end":{"line":8,"column":11}},"loc":{"start":{"line":8,"column":11},"end":{"line":14,"column":null}},"line":8}},"branchMap":{"0":{"loc":{"start":{"line":9,"column":4},"end":{"line":11,"column":null}},"type":"if","locations":[{"start":{"line":9,"column":4},"end":{"line":11,"column":null}},{"start":{},"end":{}}],"line":9}},"s":{"0":6,"1":2,"2":4},"f":{"0":6},"b":{"0":[2,4]},"meta":{"lastBranch":1,"lastFunction":1,"lastStatement":3,"seen":{"f:8:2:8:11":0,"b:9:4:11:Infinity:undefined:undefined:undefined:undefined":0,"s:9:4:11:Infinity":0,"s:10:6:10:Infinity":1,"s:13:4:13:Infinity":2}}}
,"C:\\Users\\kurak\\react-2026-q2\\rs-react-app\\src\\components\\Header\\Header.tsx": {"path":"C:\\Users\\kurak\\react-2026-q2\\rs-react-app\\src\\components\\Header\\Header.tsx","statementMap":{"0":{"start":{"line":11,"column":8},"end":{"line":17,"column":null}}},"fnMap":{"0":{"name":"(anonymous_0)","decl":{"start":{"line":10,"column":4},"end":{"line":10,"column":13}},"loc":{"start":{"line":10,"column":13},"end":{"line":19,"column":null}},"line":10}},"branchMap":{},"s":{"0":7},"f":{"0":7},"b":{},"meta":{"lastBranch":0,"lastFunction":1,"lastStatement":1,"seen":{"f:10:4:10:13":0,"s:11:8:17:Infinity":0}}}
,"C:\\Users\\kurak\\react-2026-q2\\rs-react-app\\src\\components\\Results\\Results.tsx": {"path":"C:\\Users\\kurak\\react-2026-q2\\rs-react-app\\src\\components\\Results\\Results.tsx","statementMap":{"0":{"start":{"line":23,"column":19},"end":{"line":28,"column":null}},"1":{"start":{"line":43,"column":16},"end":{"line":87,"column":null}},"2":{"start":{"line":89,"column":17},"end":{"line":94,"column":null}},"3":{"start":{"line":96,"column":17},"end":{"line":101,"column":null}},"4":{"start":{"line":31,"column":8},"end":{"line":31,"column":null}},"5":{"start":{"line":35,"column":8},"end":{"line":40,"column":null}},"6":{"start":{"line":39,"column":12},"end":{"line":39,"column":null}},"7":{"start":{"line":44,"column":8},"end":{"line":44,"column":null}},"8":{"start":{"line":46,"column":8},"end":{"line":86,"column":null}},"9":{"start":{"line":47,"column":31},"end":{"line":47,"column":null}},"10":{"start":{"line":49,"column":24},"end":{"line":51,"column":null}},"11":{"start":{"line":53,"column":12},"end":{"line":53,"column":null}},"12":{"start":{"line":53,"column":37},"end":{"line":53,"column":55}},"13":{"start":{"line":55,"column":24},"end":{"line":55,"column":null}},"14":{"start":{"line":57,"column":12},"end":{"line":59,"column":null}},"15":{"start":{"line":58,"column":16},"end":{"line":58,"column":null}},"16":{"start":{"line":61,"column":25},"end":{"line":61,"column":null}},"17":{"start":{"line":63,"column":42},"end":{"line":73,"column":null}},"18":{"start":{"line":70,"column":54},"end":{"line":73,"column":14}},"19":{"start":{"line":75,"column":12},"end":{"line":78,"column":null}},"20":{"start":{"line":80,"column":12},"end":{"line":85,"column":null}},"21":{"start":{"line":90,"column":8},"end":{"line":93,"column":null}},"22":{"start":{"line":91,"column":23},"end":{"line":91,"column":null}},"23":{"start":{"line":92,"column":18},"end":{"line":92,"column":null}},"24":{"start":{"line":97,"column":4},"end":{"line":100,"column":null}},"25":{"start":{"line":98,"column":19},"end":{"line":98,"column":null}},"26":{"start":{"line":99,"column":14},"end":{"line":99,"column":null}},"27":{"start":{"line":104,"column":41},"end":{"line":104,"column":null}},"28":{"start":{"line":108,"column":4},"end":{"line":118,"column":null}}},"fnMap":{"0":{"name":"(anonymous_0)","decl":{"start":{"line":30,"column":4},"end":{"line":30,"column":24}},"loc":{"start":{"line":30,"column":24},"end":{"line":32,"column":null}},"line":30},"1":{"name":"(anonymous_1)","decl":{"start":{"line":34,"column":4},"end":{"line":34,"column":23}},"loc":{"start":{"line":34,"column":59},"end":{"line":41,"column":null}},"line":34},"2":{"name":"(anonymous_2)","decl":{"start":{"line":43,"column":16},"end":{"line":43,"column":23}},"loc":{"start":{"line":43,"column":42},"end":{"line":87,"column":null}},"line":43},"3":{"name":"(anonymous_3)","decl":{"start":{"line":53,"column":30},"end":{"line":53,"column":31}},"loc":{"start":{"line":53,"column":37},"end":{"line":53,"column":55}},"line":53},"4":{"name":"(anonymous_4)","decl":{"start":{"line":70,"column":31},"end":{"line":70,"column":32}},"loc":{"start":{"line":70,"column":54},"end":{"line":73,"column":14}},"line":70},"5":{"name":"(anonymous_5)","decl":{"start":{"line":89,"column":17},"end":{"line":89,"column":23}},"loc":{"start":{"line":89,"column":23},"end":{"line":94,"column":null}},"line":89},"6":{"name":"(anonymous_6)","decl":{"start":{"line":91,"column":12},"end":{"line":91,"column":13}},"loc":{"start":{"line":91,"column":23},"end":{"line":91,"column":null}},"line":91},"7":{"name":"(anonymous_7)","decl":{"start":{"line":92,"column":12},"end":{"line":92,"column":18}},"loc":{"start":{"line":92,"column":18},"end":{"line":92,"column":null}},"line":92},"8":{"name":"(anonymous_8)","decl":{"start":{"line":96,"column":17},"end":{"line":96,"column":23}},"loc":{"start":{"line":96,"column":23},"end":{"line":101,"column":null}},"line":96},"9":{"name":"(anonymous_9)","decl":{"start":{"line":98,"column":8},"end":{"line":98,"column":9}},"loc":{"start":{"line":98,"column":19},"end":{"line":98,"column":null}},"line":98},"10":{"name":"(anonymous_10)","decl":{"start":{"line":99,"column":8},"end":{"line":99,"column":14}},"loc":{"start":{"line":99,"column":14},"end":{"line":99,"column":null}},"line":99},"11":{"name":"(anonymous_11)","decl":{"start":{"line":103,"column":4},"end":{"line":103,"column":13}},"loc":{"start":{"line":103,"column":13},"end":{"line":120,"column":null}},"line":103}},"branchMap":{"0":{"loc":{"start":{"line":35,"column":8},"end":{"line":40,"column":null}},"type":"if","locations":[{"start":{"line":35,"column":8},"end":{"line":40,"column":null}},{"start":{},"end":{}}],"line":35},"1":{"loc":{"start":{"line":36,"column":12},"end":{"line":37,"column":null}},"type":"binary-expr","locations":[{"start":{"line":36,"column":12},"end":{"line":36,"column":null}},{"start":{"line":37,"column":12},"end":{"line":37,"column":null}}],"line":36},"2":{"loc":{"start":{"line":49,"column":24},"end":{"line":51,"column":null}},"type":"cond-expr","locations":[{"start":{"line":50,"column":14},"end":{"line":50,"column":null}},{"start":{"line":51,"column":14},"end":{"line":51,"column":null}}],"line":49},"3":{"loc":{"start":{"line":57,"column":12},"end":{"line":59,"column":null}},"type":"if","locations":[{"start":{"line":57,"column":12},"end":{"line":59,"column":null}},{"start":{},"end":{}}],"line":57},"4":{"loc":{"start":{"line":63,"column":42},"end":{"line":73,"column":null}},"type":"cond-expr","locations":[{"start":{"line":64,"column":14},"end":{"line":69,"column":null}},{"start":{"line":70,"column":14},"end":{"line":73,"column":null}}],"line":63},"5":{"loc":{"start":{"line":81,"column":23},"end":{"line":83,"column":null}},"type":"cond-expr","locations":[{"start":{"line":82,"column":18},"end":{"line":82,"column":null}},{"start":{"line":83,"column":18},"end":{"line":83,"column":null}}],"line":81},"6":{"loc":{"start":{"line":110,"column":9},"end":{"line":110,"column":null}},"type":"binary-expr","locations":[{"start":{"line":110,"column":9},"end":{"line":110,"column":20}},{"start":{"line":110,"column":20},"end":{"line":110,"column":null}}],"line":110},"7":{"loc":{"start":{"line":112,"column":9},"end":{"line":112,"column":null}},"type":"cond-expr","locations":[{"start":{"line":112,"column":17},"end":{"line":112,"column":34}},{"start":{"line":112,"column":34},"end":{"line":112,"column":null}}],"line":112}},"s":{"0":7,"1":9,"2":1,"3":0,"4":7,"5":14,"6":1,"7":9,"8":9,"9":9,"10":9,"11":9,"12":9,"13":8,"14":7,"15":1,"16":6,"17":6,"18":2,"19":9,"20":1,"21":1,"22":1,"23":1,"24":0,"25":0,"26":0,"27":23,"28":23},"f":{"0":7,"1":14,"2":9,"3":9,"4":2,"5":1,"6":1,"7":1,"8":0,"9":0,"10":0,"11":23},"b":{"0":[1,13],"1":[14,14],"2":[1,8],"3":[1,6],"4":[1,5],"5":[0,1],"6":[23,11],"7":[1,22]},"meta":{"lastBranch":8,"lastFunction":12,"lastStatement":29,"seen":{"s:23:19:28:Infinity":0,"s:43:16:87:Infinity":1,"s:89:17:94:Infinity":2,"s:96:17:101:Infinity":3,"f:30:4:30:24":0,"s:31:8:31:Infinity":4,"f:34:4:34:23":1,"b:35:8:40:Infinity:undefined:undefined:undefined:undefined":0,"s:35:8:40:Infinity":5,"b:36:12:36:Infinity:37:12:37:Infinity":1,"s:39:12:39:Infinity":6,"f:43:16:43:23":2,"s:44:8:44:Infinity":7,"s:46:8:86:Infinity":8,"s:47:31:47:Infinity":9,"s:49:24:51:Infinity":10,"b:50:14:50:Infinity:51:14:51:Infinity":2,"s:53:12:53:Infinity":11,"f:53:30:53:31":3,"s:53:37:53:55":12,"s:55:24:55:Infinity":13,"b:57:12:59:Infinity:undefined:undefined:undefined:undefined":3,"s:57:12:59:Infinity":14,"s:58:16:58:Infinity":15,"s:61:25:61:Infinity":16,"s:63:42:73:Infinity":17,"b:64:14:69:Infinity:70:14:73:Infinity":4,"f:70:31:70:32":4,"s:70:54:73:14":18,"s:75:12:78:Infinity":19,"s:80:12:85:Infinity":20,"b:82:18:82:Infinity:83:18:83:Infinity":5,"f:89:17:89:23":5,"s:90:8:93:Infinity":21,"f:91:12:91:13":6,"s:91:23:91:Infinity":22,"f:92:12:92:18":7,"s:92:18:92:Infinity":23,"f:96:17:96:23":8,"s:97:4:100:Infinity":24,"f:98:8:98:9":9,"s:98:19:98:Infinity":25,"f:99:8:99:14":10,"s:99:14:99:Infinity":26,"f:103:4:103:13":11,"s:104:41:104:Infinity":27,"s:108:4:118:Infinity":28,"b:110:9:110:20:110:20:110:Infinity":6,"b:112:17:112:34:112:34:112:Infinity":7}}}
,"C:\\Users\\kurak\\react-2026-q2\\rs-react-app\\src\\components\\Search\\Search.tsx": {"path":"C:\\Users\\kurak\\react-2026-q2\\rs-react-app\\src\\components\\Search\\Search.tsx","statementMap":{"0":{"start":{"line":12,"column":19},"end":{"line":14,"column":null}},"1":{"start":{"line":27,"column":19},"end":{"line":29,"column":null}},"2":{"start":{"line":31,"column":19},"end":{"line":38,"column":null}},"3":{"start":{"line":17,"column":22},"end":{"line":17,"column":null}},"4":{"start":{"line":19,"column":8},"end":{"line":24,"column":null}},"5":{"start":{"line":20,"column":8},"end":{"line":20,"column":null}},"6":{"start":{"line":21,"column":8},"end":{"line":21,"column":null}},"7":{"start":{"line":23,"column":8},"end":{"line":23,"column":null}},"8":{"start":{"line":28,"column":8},"end":{"line":28,"column":null}},"9":{"start":{"line":32,"column":24},"end":{"line":32,"column":null}},"10":{"start":{"line":34,"column":8},"end":{"line":34,"column":null}},"11":{"start":{"line":34,"column":57},"end":{"line":34,"column":null}},"12":{"start":{"line":36,"column":8},"end":{"line":36,"column":null}},"13":{"start":{"line":37,"column":8},"end":{"line":37,"column":null}},"14":{"start":{"line":41,"column":8},"end":{"line":49,"column":null}}},"fnMap":{"0":{"name":"(anonymous_0)","decl":{"start":{"line":16,"column":4},"end":{"line":16,"column":24}},"loc":{"start":{"line":16,"column":24},"end":{"line":25,"column":null}},"line":16},"1":{"name":"(anonymous_1)","decl":{"start":{"line":27,"column":19},"end":{"line":27,"column":20}},"loc":{"start":{"line":27,"column":63},"end":{"line":29,"column":null}},"line":27},"2":{"name":"(anonymous_2)","decl":{"start":{"line":31,"column":19},"end":{"line":31,"column":25}},"loc":{"start":{"line":31,"column":25},"end":{"line":38,"column":null}},"line":31},"3":{"name":"(anonymous_3)","decl":{"start":{"line":40,"column":4},"end":{"line":40,"column":13}},"loc":{"start":{"line":40,"column":13},"end":{"line":51,"column":null}},"line":40}},"branchMap":{"0":{"loc":{"start":{"line":19,"column":8},"end":{"line":24,"column":null}},"type":"if","locations":[{"start":{"line":19,"column":8},"end":{"line":24,"column":null}},{"start":{"line":22,"column":15},"end":{"line":24,"column":null}}],"line":19},"1":{"loc":{"start":{"line":34,"column":8},"end":{"line":34,"column":null}},"type":"if","locations":[{"start":{"line":34,"column":8},"end":{"line":34,"column":null}},{"start":{},"end":{}}],"line":34}},"s":{"0":9,"1":34,"2":3,"3":9,"4":9,"5":1,"6":1,"7":8,"8":34,"9":3,"10":3,"11":0,"12":3,"13":3,"14":48},"f":{"0":9,"1":34,"2":3,"3":48},"b":{"0":[1,8],"1":[0,3]},"meta":{"lastBranch":2,"lastFunction":4,"lastStatement":15,"seen":{"s:12:19:14:Infinity":0,"s:27:19:29:Infinity":1,"s:31:19:38:Infinity":2,"f:16:4:16:24":0,"s:17:22:17:Infinity":3,"b:19:8:24:Infinity:22:15:24:Infinity":0,"s:19:8:24:Infinity":4,"s:20:8:20:Infinity":5,"s:21:8:21:Infinity":6,"s:23:8:23:Infinity":7,"f:27:19:27:20":1,"s:28:8:28:Infinity":8,"f:31:19:31:25":2,"s:32:24:32:Infinity":9,"b:34:8:34:Infinity:undefined:undefined:undefined:undefined":1,"s:34:8:34:Infinity":10,"s:34:57:34:Infinity":11,"s:36:8:36:Infinity":12,"s:37:8:37:Infinity":13,"f:40:4:40:13":3,"s:41:8:49:Infinity":14}}}
,"C:\\Users\\kurak\\react-2026-q2\\rs-react-app\\src\\types\\index.ts": {"path":"C:\\Users\\kurak\\react-2026-q2\\rs-react-app\\src\\types\\index.ts","statementMap":{},"fnMap":{},"branchMap":{},"s":{},"f":{},"b":{},"meta":{"lastBranch":0,"lastFunction":0,"lastStatement":0,"seen":{}}}
}
