{"C:\\Users\\kurak\\react-2026-q2\\rs-react-app\\src\\App.tsx": {"path":"C:\\Users\\kurak\\react-2026-q2\\rs-react-app\\src\\App.tsx","statementMap":{"0":{"start":{"line":12,"column":16},"end":{"line":12,"column":null}},"1":{"start":{"line":14,"column":2},"end":{"line":35,"column":null}}},"fnMap":{"0":{"name":"App","decl":{"start":{"line":11,"column":9},"end":{"line":11,"column":15}},"loc":{"start":{"line":11,"column":15},"end":{"line":37,"column":null}},"line":11}},"branchMap":{},"s":{"0":3,"1":3},"f":{"0":3},"b":{},"meta":{"lastBranch":0,"lastFunction":1,"lastStatement":2,"seen":{"f:11:9:11:15":0,"s:12:16:12:Infinity":0,"s:14:2:35:Infinity":1}}}
,"C:\\Users\\kurak\\react-2026-q2\\rs-react-app\\src\\components\\Card\\Card.tsx": {"path":"C:\\Users\\kurak\\react-2026-q2\\rs-react-app\\src\\components\\Card\\Card.tsx","statementMap":{"0":{"start":{"line":10,"column":10},"end":{"line":10,"column":null}},"1":{"start":{"line":12,"column":10},"end":{"line":12,"column":null}},"2":{"start":{"line":12,"column":47},"end":{"line":12,"column":61}},"3":{"start":{"line":14,"column":10},"end":{"line":14,"column":null}},"4":{"start":{"line":14,"column":53},"end":{"line":14,"column":73}},"5":{"start":{"line":16,"column":20},"end":{"line":16,"column":null}},"6":{"start":{"line":16,"column":39},"end":{"line":16,"column":59}},"7":{"start":{"line":18,"column":23},"end":{"line":18,"column":null}},"8":{"start":{"line":20,"column":18},"end":{"line":20,"column":null}},"9":{"start":{"line":22,"column":4},"end":{"line":36,"column":null}},"10":{"start":{"line":23,"column":45},"end":{"line":23,"column":null}},"11":{"start":{"line":27,"column":28},"end":{"line":27,"column":null}},"12":{"start":{"line":28,"column":28},"end":{"line":28,"column":null}}},"fnMap":{"0":{"name":"Card","decl":{"start":{"line":9,"column":24},"end":{"line":9,"column":29}},"loc":{"start":{"line":9,"column":46},"end":{"line":38,"column":null}},"line":9},"1":{"name":"(anonymous_1)","decl":{"start":{"line":12,"column":38},"end":{"line":12,"column":47}},"loc":{"start":{"line":12,"column":47},"end":{"line":12,"column":61}},"line":12},"2":{"name":"(anonymous_2)","decl":{"start":{"line":14,"column":44},"end":{"line":14,"column":53}},"loc":{"start":{"line":14,"column":53},"end":{"line":14,"column":73}},"line":14},"3":{"name":"(anonymous_3)","decl":{"start":{"line":16,"column":34},"end":{"line":16,"column":39}},"loc":{"start":{"line":16,"column":39},"end":{"line":16,"column":59}},"line":16},"4":{"name":"(anonymous_4)","decl":{"start":{"line":23,"column":39},"end":{"line":23,"column":45}},"loc":{"start":{"line":23,"column":45},"end":{"line":23,"column":null}},"line":23},"5":{"name":"(anonymous_5)","decl":{"start":{"line":27,"column":21},"end":{"line":27,"column":22}},"loc":{"start":{"line":27,"column":28},"end":{"line":27,"column":null}},"line":27},"6":{"name":"(anonymous_6)","decl":{"start":{"line":28,"column":22},"end":{"line":28,"column":28}},"loc":{"start":{"line":28,"column":28},"end":{"line":28,"column":null}},"line":28}},"branchMap":{"0":{"loc":{"start":{"line":31,"column":13},"end":{"line":32,"column":null}},"type":"binary-expr","locations":[{"start":{"line":31,"column":13},"end":{"line":31,"column":null}},{"start":{"line":32,"column":16},"end":{"line":32,"column":null}}],"line":31}},"s":{"0":15,"1":15,"2":48,"3":15,"4":48,"5":15,"6":0,"7":15,"8":15,"9":15,"10":0,"11":0,"12":0},"f":{"0":15,"1":48,"2":48,"3":0,"4":0,"5":0,"6":0},"b":{"0":[15,13]},"meta":{"lastBranch":1,"lastFunction":7,"lastStatement":13,"seen":{"f:9:24:9:29":0,"s:10:10:10:Infinity":0,"s:12:10:12:Infinity":1,"f:12:38:12:47":1,"s:12:47:12:61":2,"s:14:10:14:Infinity":3,"f:14:44:14:53":2,"s:14:53:14:73":4,"s:16:20:16:Infinity":5,"f:16:34:16:39":3,"s:16:39:16:59":6,"s:18:23:18:Infinity":7,"s:20:18:20:Infinity":8,"s:22:4:36:Infinity":9,"f:23:39:23:45":4,"s:23:45:23:Infinity":10,"f:27:21:27:22":5,"s:27:28:27:Infinity":11,"f:28:22:28:28":6,"s:28:28:28:Infinity":12,"b:31:13:31:Infinity:32:16:32:Infinity":0}}}
,"C:\\Users\\kurak\\react-2026-q2\\rs-react-app\\src\\components\\CardList\\CardList.tsx": {"path":"C:\\Users\\kurak\\react-2026-q2\\rs-react-app\\src\\components\\CardList\\CardList.tsx","statementMap":{"0":{"start":{"line":9,"column":4},"end":{"line":17,"column":null}},"1":{"start":{"line":12,"column":16},"end":{"line":15,"column":null}}},"fnMap":{"0":{"name":"CardList","decl":{"start":{"line":8,"column":24},"end":{"line":8,"column":33}},"loc":{"start":{"line":8,"column":51},"end":{"line":19,"column":null}},"line":8},"1":{"name":"(anonymous_1)","decl":{"start":{"line":11,"column":23},"end":{"line":11,"column":24}},"loc":{"start":{"line":12,"column":16},"end":{"line":15,"column":null}},"line":12}},"branchMap":{},"s":{"0":34,"1":14},"f":{"0":34,"1":14},"b":{},"meta":{"lastBranch":0,"lastFunction":2,"lastStatement":2,"seen":{"f:8:24:8:33":0,"s:9:4:17:Infinity":0,"f:11:23:11:24":1,"s:12:16:15:Infinity":1}}}
,"C:\\Users\\kurak\\react-2026-q2\\rs-react-app\\src\\components\\ErrorBoundary\\ErrorBoundary.tsx": {"path":"C:\\Users\\kurak\\react-2026-q2\\rs-react-app\\src\\components\\ErrorBoundary\\ErrorBoundary.tsx","statementMap":{"0":{"start":{"line":11,"column":19},"end":{"line":13,"column":null}},"1":{"start":{"line":16,"column":8},"end":{"line":16,"column":null}},"2":{"start":{"line":20,"column":8},"end":{"line":20,"column":null}},"3":{"start":{"line":24,"column":8},"end":{"line":31,"column":null}},"4":{"start":{"line":25,"column":12},"end":{"line":29,"column":null}},"5":{"start":{"line":33,"column":8},"end":{"line":33,"column":null}}},"fnMap":{"0":{"name":"(anonymous_0)","decl":{"start":{"line":15,"column":11},"end":{"line":15,"column":38}},"loc":{"start":{"line":15,"column":38},"end":{"line":17,"column":null}},"line":15},"1":{"name":"(anonymous_1)","decl":{"start":{"line":19,"column":4},"end":{"line":19,"column":22}},"loc":{"start":{"line":19,"column":59},"end":{"line":21,"column":null}},"line":19},"2":{"name":"(anonymous_2)","decl":{"start":{"line":23,"column":4},"end":{"line":23,"column":13}},"loc":{"start":{"line":23,"column":13},"end":{"line":34,"column":null}},"line":23}},"branchMap":{"0":{"loc":{"start":{"line":24,"column":8},"end":{"line":31,"column":null}},"type":"if","locations":[{"start":{"line":24,"column":8},"end":{"line":31,"column":null}},{"start":{},"end":{}}],"line":24}},"s":{"0":6,"1":6,"2":3,"3":12,"4":6,"5":6},"f":{"0":3,"1":3,"2":12},"b":{"0":[6,6]},"meta":{"lastBranch":1,"lastFunction":3,"lastStatement":6,"seen":{"s:11:19:13:Infinity":0,"f:15:11:15:38":0,"s:16:8:16:Infinity":1,"f:19:4:19:22":1,"s:20:8:20:Infinity":2,"f:23:4:23:13":2,"b:24:8:31:Infinity:undefined:undefined:undefined:undefined":0,"s:24:8:31:Infinity":3,"s:25:12:29:Infinity":4,"s:33:8:33:Infinity":5}}}
,"C:\\Users\\kurak\\react-2026-q2\\rs-react-app\\src\\components\\ErrorTrigger\\ErrorTrigger.tsx": {"path":"C:\\Users\\kurak\\react-2026-q2\\rs-react-app\\src\\components\\ErrorTrigger\\ErrorTrigger.tsx","statementMap":{"0":{"start":{"line":6,"column":2},"end":{"line":8,"column":null}},"1":{"start":{"line":7,"column":4},"end":{"line":7,"column":null}},"2":{"start":{"line":10,"column":2},"end":{"line":10,"column":null}}},"fnMap":{"0":{"name":"ErrorTrigger","decl":{"start":{"line":5,"column":24},"end":{"line":5,"column":37}},"loc":{"start":{"line":5,"column":60},"end":{"line":11,"column":null}},"line":5}},"branchMap":{"0":{"loc":{"start":{"line":6,"column":2},"end":{"line":8,"column":null}},"type":"if","locations":[{"start":{"line":6,"column":2},"end":{"line":8,"column":null}},{"start":{},"end":{}}],"line":6}},"s":{"0":3,"1":2,"2":0},"f":{"0":3},"b":{"0":[2,1]},"meta":{"lastBranch":1,"lastFunction":1,"lastStatement":3,"seen":{"f:5:24:5:37":0,"b:6:2:8:Infinity:undefined:undefined:undefined:undefined":0,"s:6:2:8:Infinity":0,"s:7:4:7:Infinity":1,"s:10:2:10:Infinity":2}}}
,"C:\\Users\\kurak\\react-2026-q2\\rs-react-app\\src\\components\\Header\\Header.tsx": {"path":"C:\\Users\\kurak\\react-2026-q2\\rs-react-app\\src\\components\\Header\\Header.tsx","statementMap":{"0":{"start":{"line":15,"column":29},"end":{"line":15,"column":null}},"1":{"start":{"line":17,"column":4},"end":{"line":25,"column":null}}},"fnMap":{"0":{"name":"Header","decl":{"start":{"line":11,"column":24},"end":{"line":11,"column":31}},"loc":{"start":{"line":14,"column":11},"end":{"line":27,"column":null}},"line":14}},"branchMap":{},"s":{"0":4,"1":4},"f":{"0":4},"b":{},"meta":{"lastBranch":0,"lastFunction":1,"lastStatement":2,"seen":{"f:11:24:11:31":0,"s:15:29:15:Infinity":0,"s:17:4:25:Infinity":1}}}
,"C:\\Users\\kurak\\react-2026-q2\\rs-react-app\\src\\components\\Results\\Results.tsx": {"path":"C:\\Users\\kurak\\react-2026-q2\\rs-react-app\\src\\components\\Results\\Results.tsx","statementMap":{"0":{"start":{"line":35,"column":24},"end":{"line":36,"column":null}},"1":{"start":{"line":38,"column":30},"end":{"line":39,"column":null}},"2":{"start":{"line":41,"column":26},"end":{"line":42,"column":null}},"3":{"start":{"line":44,"column":40},"end":{"line":44,"column":null}},"4":{"start":{"line":46,"column":17},"end":{"line":46,"column":null}},"5":{"start":{"line":48,"column":10},"end":{"line":48,"column":null}},"6":{"start":{"line":50,"column":4},"end":{"line":56,"column":null}},"7":{"start":{"line":51,"column":8},"end":{"line":55,"column":null}},"8":{"start":{"line":52,"column":12},"end":{"line":54,"column":null}},"9":{"start":{"line":58,"column":4},"end":{"line":60,"column":null}},"10":{"start":{"line":59,"column":8},"end":{"line":59,"column":null}},"11":{"start":{"line":62,"column":22},"end":{"line":122,"column":null}},"12":{"start":{"line":63,"column":8},"end":{"line":63,"column":null}},"13":{"start":{"line":64,"column":8},"end":{"line":64,"column":null}},"14":{"start":{"line":66,"column":8},"end":{"line":121,"column":null}},"15":{"start":{"line":67,"column":29},"end":{"line":67,"column":null}},"16":{"start":{"line":69,"column":40},"end":{"line":69,"column":null}},"17":{"start":{"line":71,"column":12},"end":{"line":109,"column":null}},"18":{"start":{"line":72,"column":28},"end":{"line":72,"column":null}},"19":{"start":{"line":73,"column":16},"end":{"line":73,"column":null}},"20":{"start":{"line":73,"column":29},"end":{"line":73,"column":null}},"21":{"start":{"line":74,"column":45},"end":{"line":74,"column":null}},"22":{"start":{"line":76,"column":16},"end":{"line":86,"column":null}},"23":{"start":{"line":83,"column":38},"end":{"line":83,"column":69}},"24":{"start":{"line":88,"column":28},"end":{"line":88,"column":null}},"25":{"start":{"line":89,"column":16},"end":{"line":89,"column":null}},"26":{"start":{"line":89,"column":29},"end":{"line":89,"column":null}},"27":{"start":{"line":91,"column":32},"end":{"line":91,"column":null}},"28":{"start":{"line":93,"column":16},"end":{"line":108,"column":null}},"29":{"start":{"line":95,"column":36},"end":{"line":95,"column":null}},"30":{"start":{"line":96,"column":53},"end":{"line":96,"column":null}},"31":{"start":{"line":98,"column":24},"end":{"line":106,"column":null}},"32":{"start":{"line":104,"column":42},"end":{"line":104,"column":73}},"33":{"start":{"line":111,"column":12},"end":{"line":111,"column":null}},"34":{"start":{"line":113,"column":12},"end":{"line":117,"column":null}},"35":{"start":{"line":120,"column":8},"end":{"line":120,"column":null}},"36":{"start":{"line":124,"column":4},"end":{"line":148,"column":null}},"37":{"start":{"line":134,"column":31},"end":{"line":134,"column":null}},"38":{"start":{"line":142,"column":31},"end":{"line":142,"column":null}}},"fnMap":{"0":{"name":"Results","decl":{"start":{"line":34,"column":24},"end":{"line":34,"column":32}},"loc":{"start":{"line":34,"column":51},"end":{"line":150,"column":null}},"line":34},"1":{"name":"(anonymous_1)","decl":{"start":{"line":50,"column":14},"end":{"line":50,"column":20}},"loc":{"start":{"line":50,"column":20},"end":{"line":56,"column":7}},"line":50},"2":{"name":"(anonymous_2)","decl":{"start":{"line":58,"column":14},"end":{"line":58,"column":20}},"loc":{"start":{"line":58,"column":20},"end":{"line":60,"column":7}},"line":58},"3":{"name":"(anonymous_3)","decl":{"start":{"line":62,"column":22},"end":{"line":62,"column":34}},"loc":{"start":{"line":62,"column":34},"end":{"line":122,"column":null}},"line":62},"4":{"name":"(anonymous_4)","decl":{"start":{"line":83,"column":33},"end":{"line":83,"column":38}},"loc":{"start":{"line":83,"column":38},"end":{"line":83,"column":69}},"line":83},"5":{"name":"(anonymous_5)","decl":{"start":{"line":94,"column":40},"end":{"line":94,"column":47}},"loc":{"start":{"line":94,"column":68},"end":{"line":107,"column":21}},"line":94},"6":{"name":"(anonymous_6)","decl":{"start":{"line":104,"column":37},"end":{"line":104,"column":42}},"loc":{"start":{"line":104,"column":42},"end":{"line":104,"column":73}},"line":104},"7":{"name":"(anonymous_7)","decl":{"start":{"line":134,"column":25},"end":{"line":134,"column":31}},"loc":{"start":{"line":134,"column":31},"end":{"line":134,"column":null}},"line":134},"8":{"name":"(anonymous_8)","decl":{"start":{"line":142,"column":25},"end":{"line":142,"column":31}},"loc":{"start":{"line":142,"column":31},"end":{"line":142,"column":null}},"line":142}},"branchMap":{"0":{"loc":{"start":{"line":46,"column":17},"end":{"line":46,"column":null}},"type":"binary-expr","locations":[{"start":{"line":46,"column":17},"end":{"line":46,"column":53}},{"start":{"line":46,"column":53},"end":{"line":46,"column":null}}],"line":46},"1":{"loc":{"start":{"line":51,"column":8},"end":{"line":55,"column":null}},"type":"if","locations":[{"start":{"line":51,"column":8},"end":{"line":55,"column":null}},{"start":{},"end":{}}],"line":51},"2":{"loc":{"start":{"line":71,"column":12},"end":{"line":109,"column":null}},"type":"if","locations":[{"start":{"line":71,"column":12},"end":{"line":109,"column":null}},{"start":{"line":87,"column":19},"end":{"line":109,"column":null}}],"line":71},"3":{"loc":{"start":{"line":73,"column":16},"end":{"line":73,"column":null}},"type":"if","locations":[{"start":{"line":73,"column":16},"end":{"line":73,"column":null}},{"start":{},"end":{}}],"line":73},"4":{"loc":{"start":{"line":89,"column":16},"end":{"line":89,"column":null}},"type":"if","locations":[{"start":{"line":89,"column":16},"end":{"line":89,"column":null}},{"start":{},"end":{}}],"line":89},"5":{"loc":{"start":{"line":114,"column":16},"end":{"line":116,"column":null}},"type":"cond-expr","locations":[{"start":{"line":115,"column":18},"end":{"line":115,"column":null}},{"start":{"line":116,"column":18},"end":{"line":116,"column":null}}],"line":114},"6":{"loc":{"start":{"line":126,"column":9},"end":{"line":126,"column":null}},"type":"binary-expr","locations":[{"start":{"line":126,"column":9},"end":{"line":126,"column":20}},{"start":{"line":126,"column":20},"end":{"line":126,"column":null}}],"line":126},"7":{"loc":{"start":{"line":128,"column":9},"end":{"line":128,"column":null}},"type":"cond-expr","locations":[{"start":{"line":128,"column":17},"end":{"line":128,"column":34}},{"start":{"line":128,"column":34},"end":{"line":128,"column":null}}],"line":128},"8":{"loc":{"start":{"line":130,"column":9},"end":{"line":146,"column":null}},"type":"binary-expr","locations":[{"start":{"line":130,"column":9},"end":{"line":130,"column":null}},{"start":{"line":131,"column":12},"end":{"line":146,"column":null}}],"line":130}},"s":{"0":38,"1":38,"2":38,"3":38,"4":38,"5":38,"6":38,"7":9,"8":2,"9":38,"10":13,"11":38,"12":13,"13":13,"14":13,"15":13,"16":13,"17":13,"18":0,"19":0,"20":0,"21":0,"22":0,"23":0,"24":13,"25":10,"26":1,"27":5,"28":5,"29":5,"30":5,"31":5,"32":2,"33":5,"34":5,"35":10,"36":38,"37":1,"38":3},"f":{"0":38,"1":9,"2":13,"3":13,"4":0,"5":5,"6":2,"7":1,"8":3},"b":{"0":[38,4],"1":[2,7],"2":[0,13],"3":[0,0],"4":[1,9],"5":[0,5],"6":[38,15],"7":[6,32],"8":[38,17]},"meta":{"lastBranch":9,"lastFunction":9,"lastStatement":39,"seen":{"f:34:24:34:32":0,"s:35:24:36:Infinity":0,"s:38:30:39:Infinity":1,"s:41:26:42:Infinity":2,"s:44:40:44:Infinity":3,"s:46:17:46:Infinity":4,"b:46:17:46:53:46:53:46:Infinity":0,"s:48:10:48:Infinity":5,"s:50:4:56:Infinity":6,"f:50:14:50:20":1,"b:51:8:55:Infinity:undefined:undefined:undefined:undefined":1,"s:51:8:55:Infinity":7,"s:52:12:54:Infinity":8,"s:58:4:60:Infinity":9,"f:58:14:58:20":2,"s:59:8:59:Infinity":10,"s:62:22:122:Infinity":11,"f:62:22:62:34":3,"s:63:8:63:Infinity":12,"s:64:8:64:Infinity":13,"s:66:8:121:Infinity":14,"s:67:29:67:Infinity":15,"s:69:40:69:Infinity":16,"b:71:12:109:Infinity:87:19:109:Infinity":2,"s:71:12:109:Infinity":17,"s:72:28:72:Infinity":18,"b:73:16:73:Infinity:undefined:undefined:undefined:undefined":3,"s:73:16:73:Infinity":19,"s:73:29:73:Infinity":20,"s:74:45:74:Infinity":21,"s:76:16:86:Infinity":22,"f:83:33:83:38":4,"s:83:38:83:69":23,"s:88:28:88:Infinity":24,"b:89:16:89:Infinity:undefined:undefined:undefined:undefined":4,"s:89:16:89:Infinity":25,"s:89:29:89:Infinity":26,"s:91:32:91:Infinity":27,"s:93:16:108:Infinity":28,"f:94:40:94:47":5,"s:95:36:95:Infinity":29,"s:96:53:96:Infinity":30,"s:98:24:106:Infinity":31,"f:104:37:104:42":6,"s:104:42:104:73":32,"s:111:12:111:Infinity":33,"s:113:12:117:Infinity":34,"b:115:18:115:Infinity:116:18:116:Infinity":5,"s:120:8:120:Infinity":35,"s:124:4:148:Infinity":36,"b:126:9:126:20:126:20:126:Infinity":6,"b:128:17:128:34:128:34:128:Infinity":7,"b:130:9:130:Infinity:131:12:146:Infinity":8,"f:134:25:134:31":7,"s:134:31:134:Infinity":37,"f:142:25:142:31":8,"s:142:31:142:Infinity":38}}}
,"C:\\Users\\kurak\\react-2026-q2\\rs-react-app\\src\\components\\Search\\Search.tsx": {"path":"C:\\Users\\kurak\\react-2026-q2\\rs-react-app\\src\\components\\Search\\Search.tsx","statementMap":{"0":{"start":{"line":14,"column":26},"end":{"line":14,"column":null}},"1":{"start":{"line":16,"column":4},"end":{"line":20,"column":null}},"2":{"start":{"line":17,"column":8},"end":{"line":19,"column":null}},"3":{"start":{"line":18,"column":12},"end":{"line":18,"column":null}},"4":{"start":{"line":22,"column":25},"end":{"line":29,"column":null}},"5":{"start":{"line":23,"column":24},"end":{"line":23,"column":null}},"6":{"start":{"line":25,"column":8},"end":{"line":25,"column":null}},"7":{"start":{"line":25,"column":46},"end":{"line":25,"column":null}},"8":{"start":{"line":27,"column":8},"end":{"line":27,"column":null}},"9":{"start":{"line":28,"column":8},"end":{"line":28,"column":null}},"10":{"start":{"line":33,"column":4},"end":{"line":43,"column":null}},"11":{"start":{"line":38,"column":29},"end":{"line":38,"column":null}}},"fnMap":{"0":{"name":"Search","decl":{"start":{"line":9,"column":24},"end":{"line":9,"column":31}},"loc":{"start":{"line":12,"column":11},"end":{"line":45,"column":null}},"line":12},"1":{"name":"(anonymous_1)","decl":{"start":{"line":16,"column":14},"end":{"line":16,"column":20}},"loc":{"start":{"line":16,"column":20},"end":{"line":20,"column":7}},"line":16},"2":{"name":"(anonymous_2)","decl":{"start":{"line":22,"column":25},"end":{"line":22,"column":31}},"loc":{"start":{"line":22,"column":31},"end":{"line":29,"column":null}},"line":22},"3":{"name":"(anonymous_3)","decl":{"start":{"line":38,"column":22},"end":{"line":38,"column":23}},"loc":{"start":{"line":38,"column":29},"end":{"line":38,"column":null}},"line":38}},"branchMap":{"0":{"loc":{"start":{"line":17,"column":8},"end":{"line":19,"column":null}},"type":"if","locations":[{"start":{"line":17,"column":8},"end":{"line":19,"column":null}},{"start":{},"end":{}}],"line":17},"1":{"loc":{"start":{"line":25,"column":8},"end":{"line":25,"column":null}},"type":"if","locations":[{"start":{"line":25,"column":8},"end":{"line":25,"column":null}},{"start":{},"end":{}}],"line":25}},"s":{"0":57,"1":57,"2":10,"3":1,"4":57,"5":4,"6":4,"7":1,"8":3,"9":3,"10":57,"11":42},"f":{"0":57,"1":10,"2":4,"3":42},"b":{"0":[1,9],"1":[1,3]},"meta":{"lastBranch":2,"lastFunction":4,"lastStatement":12,"seen":{"f:9:24:9:31":0,"s:14:26:14:Infinity":0,"s:16:4:20:Infinity":1,"f:16:14:16:20":1,"b:17:8:19:Infinity:undefined:undefined:undefined:undefined":0,"s:17:8:19:Infinity":2,"s:18:12:18:Infinity":3,"s:22:25:29:Infinity":4,"f:22:25:22:31":2,"s:23:24:23:Infinity":5,"b:25:8:25:Infinity:undefined:undefined:undefined:undefined":1,"s:25:8:25:Infinity":6,"s:25:46:25:Infinity":7,"s:27:8:27:Infinity":8,"s:28:8:28:Infinity":9,"s:33:4:43:Infinity":10,"f:38:22:38:23":3,"s:38:29:38:Infinity":11}}}
,"C:\\Users\\kurak\\react-2026-q2\\rs-react-app\\src\\components\\SelectedBar\\SelectedBar.tsx": {"path":"C:\\Users\\kurak\\react-2026-q2\\rs-react-app\\src\\components\\SelectedBar\\SelectedBar.tsx","statementMap":{"0":{"start":{"line":4,"column":10},"end":{"line":4,"column":null}},"1":{"start":{"line":4,"column":47},"end":{"line":4,"column":61}},"2":{"start":{"line":6,"column":10},"end":{"line":6,"column":null}},"3":{"start":{"line":6,"column":52},"end":{"line":6,"column":71}},"4":{"start":{"line":8,"column":4},"end":{"line":8,"column":null}},"5":{"start":{"line":8,"column":26},"end":{"line":8,"column":null}},"6":{"start":{"line":10,"column":27},"end":{"line":39,"column":null}},"7":{"start":{"line":11,"column":24},"end":{"line":11,"column":null}},"8":{"start":{"line":13,"column":23},"end":{"line":13,"column":null}},"9":{"start":{"line":13,"column":42},"end":{"line":13,"column":null}},"10":{"start":{"line":15,"column":21},"end":{"line":22,"column":null}},"11":{"start":{"line":16,"column":12},"end":{"line":21,"column":null}},"12":{"start":{"line":24,"column":20},"end":{"line":24,"column":null}},"13":{"start":{"line":26,"column":21},"end":{"line":26,"column":null}},"14":{"start":{"line":28,"column":20},"end":{"line":28,"column":null}},"15":{"start":{"line":30,"column":21},"end":{"line":30,"column":null}},"16":{"start":{"line":31,"column":8},"end":{"line":31,"column":null}},"17":{"start":{"line":32,"column":8},"end":{"line":32,"column":null}},"18":{"start":{"line":34,"column":8},"end":{"line":34,"column":null}},"19":{"start":{"line":35,"column":8},"end":{"line":35,"column":null}},"20":{"start":{"line":36,"column":8},"end":{"line":36,"column":null}},"21":{"start":{"line":38,"column":8},"end":{"line":38,"column":null}},"22":{"start":{"line":41,"column":4},"end":{"line":49,"column":null}}},"fnMap":{"0":{"name":"SelectedBar","decl":{"start":{"line":3,"column":24},"end":{"line":3,"column":38}},"loc":{"start":{"line":3,"column":38},"end":{"line":51,"column":null}},"line":3},"1":{"name":"(anonymous_1)","decl":{"start":{"line":4,"column":38},"end":{"line":4,"column":47}},"loc":{"start":{"line":4,"column":47},"end":{"line":4,"column":61}},"line":4},"2":{"name":"(anonymous_2)","decl":{"start":{"line":6,"column":43},"end":{"line":6,"column":52}},"loc":{"start":{"line":6,"column":52},"end":{"line":6,"column":71}},"line":6},"3":{"name":"(anonymous_3)","decl":{"start":{"line":10,"column":27},"end":{"line":10,"column":33}},"loc":{"start":{"line":10,"column":33},"end":{"line":39,"column":null}},"line":10},"4":{"name":"(anonymous_4)","decl":{"start":{"line":13,"column":23},"end":{"line":13,"column":24}},"loc":{"start":{"line":13,"column":42},"end":{"line":13,"column":null}},"line":13},"5":{"name":"(anonymous_5)","decl":{"start":{"line":15,"column":34},"end":{"line":15,"column":null}},"loc":{"start":{"line":16,"column":12},"end":{"line":21,"column":null}},"line":16}},"branchMap":{"0":{"loc":{"start":{"line":8,"column":4},"end":{"line":8,"column":null}},"type":"if","locations":[{"start":{"line":8,"column":4},"end":{"line":8,"column":null}},{"start":{},"end":{}}],"line":8},"1":{"loc":{"start":{"line":13,"column":46},"end":{"line":13,"column":57}},"type":"binary-expr","locations":[{"start":{"line":13,"column":46},"end":{"line":13,"column":55}},{"start":{"line":13,"column":55},"end":{"line":13,"column":57}}],"line":13}},"s":{"0":8,"1":26,"2":8,"3":26,"4":8,"5":5,"6":3,"7":1,"8":1,"9":4,"10":1,"11":1,"12":1,"13":1,"14":1,"15":1,"16":1,"17":1,"18":1,"19":1,"20":1,"21":1,"22":3},"f":{"0":8,"1":26,"2":26,"3":1,"4":4,"5":1},"b":{"0":[5,3],"1":[4,0]},"meta":{"lastBranch":2,"lastFunction":6,"lastStatement":23,"seen":{"f:3:24:3:38":0,"s:4:10:4:Infinity":0,"f:4:38:4:47":1,"s:4:47:4:61":1,"s:6:10:6:Infinity":2,"f:6:43:6:52":2,"s:6:52:6:71":3,"b:8:4:8:Infinity:undefined:undefined:undefined:undefined":0,"s:8:4:8:Infinity":4,"s:8:26:8:Infinity":5,"s:10:27:39:Infinity":6,"f:10:27:10:33":3,"s:11:24:11:Infinity":7,"s:13:23:13:Infinity":8,"f:13:23:13:24":4,"s:13:42:13:Infinity":9,"b:13:46:13:55:13:55:13:57":1,"s:15:21:22:Infinity":10,"f:15:34:15:Infinity":5,"s:16:12:21:Infinity":11,"s:24:20:24:Infinity":12,"s:26:21:26:Infinity":13,"s:28:20:28:Infinity":14,"s:30:21:30:Infinity":15,"s:31:8:31:Infinity":16,"s:32:8:32:Infinity":17,"s:34:8:34:Infinity":18,"s:35:8:35:Infinity":19,"s:36:8:36:Infinity":20,"s:38:8:38:Infinity":21,"s:41:4:49:Infinity":22}}}
,"C:\\Users\\kurak\\react-2026-q2\\rs-react-app\\src\\context\\ThemeContext.tsx": {"path":"C:\\Users\\kurak\\react-2026-q2\\rs-react-app\\src\\context\\ThemeContext.tsx","statementMap":{"0":{"start":{"line":10,"column":6},"end":{"line":10,"column":null}},"1":{"start":{"line":17,"column":26},"end":{"line":17,"column":null}},"2":{"start":{"line":19,"column":24},"end":{"line":21,"column":null}},"3":{"start":{"line":20,"column":8},"end":{"line":20,"column":null}},"4":{"start":{"line":20,"column":25},"end":{"line":20,"column":60}},"5":{"start":{"line":23,"column":4},"end":{"line":26,"column":null}},"6":{"start":{"line":31,"column":10},"end":{"line":31,"column":null}},"7":{"start":{"line":33,"column":4},"end":{"line":35,"column":null}},"8":{"start":{"line":34,"column":8},"end":{"line":34,"column":null}},"9":{"start":{"line":37,"column":4},"end":{"line":37,"column":null}}},"fnMap":{"0":{"name":"ThemeProvider","decl":{"start":{"line":16,"column":16},"end":{"line":16,"column":30}},"loc":{"start":{"line":16,"column":50},"end":{"line":28,"column":null}},"line":16},"1":{"name":"(anonymous_1)","decl":{"start":{"line":19,"column":24},"end":{"line":19,"column":30}},"loc":{"start":{"line":19,"column":30},"end":{"line":21,"column":null}},"line":19},"2":{"name":"(anonymous_2)","decl":{"start":{"line":20,"column":17},"end":{"line":20,"column":25}},"loc":{"start":{"line":20,"column":25},"end":{"line":20,"column":60}},"line":20},"3":{"name":"useTheme","decl":{"start":{"line":30,"column":16},"end":{"line":30,"column":27}},"loc":{"start":{"line":30,"column":27},"end":{"line":38,"column":null}},"line":30}},"branchMap":{"0":{"loc":{"start":{"line":20,"column":25},"end":{"line":20,"column":60}},"type":"cond-expr","locations":[{"start":{"line":20,"column":44},"end":{"line":20,"column":53}},{"start":{"line":20,"column":53},"end":{"line":20,"column":60}}],"line":20},"1":{"loc":{"start":{"line":33,"column":4},"end":{"line":35,"column":null}},"type":"if","locations":[{"start":{"line":33,"column":4},"end":{"line":35,"column":null}},{"start":{},"end":{}}],"line":33}},"s":{"0":2,"1":4,"2":4,"3":0,"4":0,"5":4,"6":7,"7":7,"8":0,"9":6},"f":{"0":4,"1":0,"2":0,"3":7},"b":{"0":[0,0],"1":[0,7]},"meta":{"lastBranch":2,"lastFunction":4,"lastStatement":10,"seen":{"s:10:6:10:Infinity":0,"f:16:16:16:30":0,"s:17:26:17:Infinity":1,"s:19:24:21:Infinity":2,"f:19:24:19:30":1,"s:20:8:20:Infinity":3,"f:20:17:20:25":2,"s:20:25:20:60":4,"b:20:44:20:53:20:53:20:60":0,"s:23:4:26:Infinity":5,"f:30:16:30:27":3,"s:31:10:31:Infinity":6,"b:33:4:35:Infinity:undefined:undefined:undefined:undefined":1,"s:33:4:35:Infinity":7,"s:34:8:34:Infinity":8,"s:37:4:37:Infinity":9}}}
,"C:\\Users\\kurak\\react-2026-q2\\rs-react-app\\src\\hooks\\useLocalStorage.ts": {"path":"C:\\Users\\kurak\\react-2026-q2\\rs-react-app\\src\\hooks\\useLocalStorage.ts","statementMap":{"0":{"start":{"line":7,"column":26},"end":{"line":11,"column":null}},"1":{"start":{"line":8,"column":22},"end":{"line":8,"column":null}},"2":{"start":{"line":10,"column":8},"end":{"line":10,"column":null}},"3":{"start":{"line":13,"column":22},"end":{"line":17,"column":null}},"4":{"start":{"line":14,"column":8},"end":{"line":14,"column":null}},"5":{"start":{"line":16,"column":8},"end":{"line":16,"column":null}},"6":{"start":{"line":19,"column":4},"end":{"line":19,"column":null}}},"fnMap":{"0":{"name":"useLocalStorage","decl":{"start":{"line":3,"column":16},"end":{"line":3,"column":null}},"loc":{"start":{"line":6,"column":2},"end":{"line":20,"column":null}},"line":6},"1":{"name":"(anonymous_1)","decl":{"start":{"line":7,"column":39},"end":{"line":7,"column":45}},"loc":{"start":{"line":7,"column":45},"end":{"line":11,"column":5}},"line":7},"2":{"name":"(anonymous_2)","decl":{"start":{"line":13,"column":22},"end":{"line":13,"column":23}},"loc":{"start":{"line":13,"column":44},"end":{"line":17,"column":null}},"line":13}},"branchMap":{"0":{"loc":{"start":{"line":10,"column":15},"end":{"line":10,"column":null}},"type":"binary-expr","locations":[{"start":{"line":10,"column":15},"end":{"line":10,"column":24}},{"start":{"line":10,"column":24},"end":{"line":10,"column":null}}],"line":10}},"s":{"0":57,"1":10,"2":10,"3":57,"4":46,"5":46,"6":57},"f":{"0":57,"1":10,"2":46},"b":{"0":[10,9]},"meta":{"lastBranch":1,"lastFunction":3,"lastStatement":7,"seen":{"f:3:16:3:Infinity":0,"s:7:26:11:Infinity":0,"f:7:39:7:45":1,"s:8:22:8:Infinity":1,"s:10:8:10:Infinity":2,"b:10:15:10:24:10:24:10:Infinity":0,"s:13:22:17:Infinity":3,"f:13:22:13:23":2,"s:14:8:14:Infinity":4,"s:16:8:16:Infinity":5,"s:19:4:19:Infinity":6}}}
,"C:\\Users\\kurak\\react-2026-q2\\rs-react-app\\src\\layouts\\MainLayout.tsx": {"path":"C:\\Users\\kurak\\react-2026-q2\\rs-react-app\\src\\layouts\\MainLayout.tsx","statementMap":{},"fnMap":{},"branchMap":{},"s":{},"f":{},"b":{},"meta":{"lastBranch":0,"lastFunction":0,"lastStatement":0,"seen":{}}}
,"C:\\Users\\kurak\\react-2026-q2\\rs-react-app\\src\\pages\\About.tsx": {"path":"C:\\Users\\kurak\\react-2026-q2\\rs-react-app\\src\\pages\\About.tsx","statementMap":{"0":{"start":{"line":2,"column":4},"end":{"line":14,"column":null}}},"fnMap":{"0":{"name":"About","decl":{"start":{"line":1,"column":24},"end":{"line":1,"column":32}},"loc":{"start":{"line":1,"column":32},"end":{"line":16,"column":null}},"line":1}},"branchMap":{},"s":{"0":1},"f":{"0":1},"b":{},"meta":{"lastBranch":0,"lastFunction":1,"lastStatement":1,"seen":{"f:1:24:1:32":0,"s:2:4:14:Infinity":0}}}
,"C:\\Users\\kurak\\react-2026-q2\\rs-react-app\\src\\pages\\Home.tsx": {"path":"C:\\Users\\kurak\\react-2026-q2\\rs-react-app\\src\\pages\\Home.tsx","statementMap":{"0":{"start":{"line":10,"column":38},"end":{"line":10,"column":null}},"1":{"start":{"line":11,"column":20},"end":{"line":11,"column":null}},"2":{"start":{"line":13,"column":17},"end":{"line":13,"column":null}},"3":{"start":{"line":14,"column":30},"end":{"line":14,"column":null}},"4":{"start":{"line":17,"column":23},"end":{"line":23,"column":null}},"5":{"start":{"line":18,"column":4},"end":{"line":22,"column":null}},"6":{"start":{"line":25,"column":2},"end":{"line":55,"column":null}},"7":{"start":{"line":46,"column":23},"end":{"line":46,"column":null}},"8":{"start":{"line":51,"column":28},"end":{"line":51,"column":59}}},"fnMap":{"0":{"name":"Home","decl":{"start":{"line":9,"column":24},"end":{"line":9,"column":31}},"loc":{"start":{"line":9,"column":31},"end":{"line":57,"column":null}},"line":9},"1":{"name":"(anonymous_1)","decl":{"start":{"line":17,"column":23},"end":{"line":17,"column":24}},"loc":{"start":{"line":17,"column":42},"end":{"line":23,"column":null}},"line":17},"2":{"name":"(anonymous_2)","decl":{"start":{"line":46,"column":17},"end":{"line":46,"column":23}},"loc":{"start":{"line":46,"column":23},"end":{"line":46,"column":null}},"line":46},"3":{"name":"(anonymous_3)","decl":{"start":{"line":51,"column":20},"end":{"line":51,"column":26}},"loc":{"start":{"line":51,"column":26},"end":{"line":51,"column":62}},"line":51}},"branchMap":{"0":{"loc":{"start":{"line":13,"column":17},"end":{"line":13,"column":null}},"type":"binary-expr","locations":[{"start":{"line":13,"column":17},"end":{"line":13,"column":47}},{"start":{"line":13,"column":47},"end":{"line":13,"column":null}}],"line":13},"1":{"loc":{"start":{"line":20,"column":10},"end":{"line":20,"column":null}},"type":"binary-expr","locations":[{"start":{"line":20,"column":10},"end":{"line":20,"column":19}},{"start":{"line":20,"column":19},"end":{"line":20,"column":null}}],"line":20},"2":{"loc":{"start":{"line":21,"column":10},"end":{"line":21,"column":null}},"type":"binary-expr","locations":[{"start":{"line":21,"column":10},"end":{"line":21,"column":23}},{"start":{"line":21,"column":23},"end":{"line":21,"column":null}}],"line":21},"3":{"loc":{"start":{"line":51,"column":7},"end":{"line":51,"column":null}},"type":"binary-expr","locations":[{"start":{"line":51,"column":7},"end":{"line":51,"column":20}},{"start":{"line":51,"column":7},"end":{"line":51,"column":null}}],"line":51}},"s":{"0":6,"1":6,"2":6,"3":6,"4":6,"5":0,"6":6,"7":1,"8":2},"f":{"0":6,"1":0,"2":1,"3":2},"b":{"0":[6,5],"1":[0,0],"2":[0,0],"3":[6,2]},"meta":{"lastBranch":4,"lastFunction":4,"lastStatement":9,"seen":{"f:9:24:9:31":0,"s:10:38:10:Infinity":0,"s:11:20:11:Infinity":1,"s:13:17:13:Infinity":2,"b:13:17:13:47:13:47:13:Infinity":0,"s:14:30:14:Infinity":3,"s:17:23:23:Infinity":4,"f:17:23:17:24":1,"s:18:4:22:Infinity":5,"b:20:10:20:19:20:19:20:Infinity":1,"b:21:10:21:23:21:23:21:Infinity":2,"s:25:2:55:Infinity":6,"f:46:17:46:23":2,"s:46:23:46:Infinity":7,"b:51:7:51:20:51:7:51:Infinity":3,"f:51:20:51:26":3,"s:51:28:51:59":8}}}
,"C:\\Users\\kurak\\react-2026-q2\\rs-react-app\\src\\pages\\NotFound.tsx": {"path":"C:\\Users\\kurak\\react-2026-q2\\rs-react-app\\src\\pages\\NotFound.tsx","statementMap":{"0":{"start":{"line":4,"column":4},"end":{"line":14,"column":null}}},"fnMap":{"0":{"name":"NotFound","decl":{"start":{"line":3,"column":24},"end":{"line":3,"column":35}},"loc":{"start":{"line":3,"column":35},"end":{"line":16,"column":null}},"line":3}},"branchMap":{},"s":{"0":1},"f":{"0":1},"b":{},"meta":{"lastBranch":0,"lastFunction":1,"lastStatement":1,"seen":{"f:3:24:3:35":0,"s:4:4:14:Infinity":0}}}
,"C:\\Users\\kurak\\react-2026-q2\\rs-react-app\\src\\pages\\PokemonDetails.tsx": {"path":"C:\\Users\\kurak\\react-2026-q2\\rs-react-app\\src\\pages\\PokemonDetails.tsx","statementMap":{"0":{"start":{"line":11,"column":20},"end":{"line":11,"column":null}},"1":{"start":{"line":12,"column":8},"end":{"line":12,"column":null}},"2":{"start":{"line":13,"column":21},"end":{"line":13,"column":null}},"3":{"start":{"line":15,"column":16},"end":{"line":15,"column":null}},"4":{"start":{"line":17,"column":28},"end":{"line":18,"column":null}},"5":{"start":{"line":20,"column":28},"end":{"line":21,"column":null}},"6":{"start":{"line":23,"column":2},"end":{"line":43,"column":null}},"7":{"start":{"line":25,"column":6},"end":{"line":25,"column":null}},"8":{"start":{"line":26,"column":6},"end":{"line":26,"column":null}},"9":{"start":{"line":28,"column":6},"end":{"line":40,"column":null}},"10":{"start":{"line":29,"column":20},"end":{"line":31,"column":null}},"11":{"start":{"line":33,"column":21},"end":{"line":33,"column":null}},"12":{"start":{"line":35,"column":8},"end":{"line":35,"column":null}},"13":{"start":{"line":37,"column":8},"end":{"line":37,"column":null}},"14":{"start":{"line":39,"column":8},"end":{"line":39,"column":null}},"15":{"start":{"line":42,"column":4},"end":{"line":42,"column":null}},"16":{"start":{"line":45,"column":2},"end":{"line":46,"column":null}},"17":{"start":{"line":46,"column":4},"end":{"line":46,"column":null}},"18":{"start":{"line":48,"column":2},"end":{"line":49,"column":null}},"19":{"start":{"line":49,"column":4},"end":{"line":49,"column":null}},"20":{"start":{"line":51,"column":2},"end":{"line":68,"column":null}},"21":{"start":{"line":53,"column":29},"end":{"line":53,"column":58}}},"fnMap":{"0":{"name":"PokemonDetails","decl":{"start":{"line":10,"column":24},"end":{"line":10,"column":41}},"loc":{"start":{"line":10,"column":41},"end":{"line":70,"column":null}},"line":10},"1":{"name":"(anonymous_1)","decl":{"start":{"line":23,"column":12},"end":{"line":23,"column":18}},"loc":{"start":{"line":23,"column":18},"end":{"line":43,"column":5}},"line":23},"2":{"name":"fetchPokemon","decl":{"start":{"line":24,"column":19},"end":{"line":24,"column":34}},"loc":{"start":{"line":24,"column":34},"end":{"line":41,"column":null}},"line":24},"3":{"name":"(anonymous_3)","decl":{"start":{"line":53,"column":23},"end":{"line":53,"column":29}},"loc":{"start":{"line":53,"column":29},"end":{"line":53,"column":58}},"line":53}},"branchMap":{"0":{"loc":{"start":{"line":45,"column":2},"end":{"line":46,"column":null}},"type":"if","locations":[{"start":{"line":45,"column":2},"end":{"line":46,"column":null}},{"start":{},"end":{}}],"line":45},"1":{"loc":{"start":{"line":48,"column":2},"end":{"line":49,"column":null}},"type":"if","locations":[{"start":{"line":48,"column":2},"end":{"line":49,"column":null}},{"start":{},"end":{}}],"line":48}},"s":{"0":5,"1":5,"2":5,"3":5,"4":5,"5":5,"6":5,"7":3,"8":3,"9":3,"10":3,"11":2,"12":2,"13":1,"14":3,"15":3,"16":5,"17":3,"18":2,"19":2,"20":1,"21":0},"f":{"0":5,"1":3,"2":3,"3":0},"b":{"0":[3,2],"1":[1,1]},"meta":{"lastBranch":2,"lastFunction":4,"lastStatement":22,"seen":{"f:10:24:10:41":0,"s:11:20:11:Infinity":0,"s:12:8:12:Infinity":1,"s:13:21:13:Infinity":2,"s:15:16:15:Infinity":3,"s:17:28:18:Infinity":4,"s:20:28:21:Infinity":5,"s:23:2:43:Infinity":6,"f:23:12:23:18":1,"f:24:19:24:34":2,"s:25:6:25:Infinity":7,"s:26:6:26:Infinity":8,"s:28:6:40:Infinity":9,"s:29:20:31:Infinity":10,"s:33:21:33:Infinity":11,"s:35:8:35:Infinity":12,"s:37:8:37:Infinity":13,"s:39:8:39:Infinity":14,"s:42:4:42:Infinity":15,"b:45:2:46:Infinity:undefined:undefined:undefined:undefined":0,"s:45:2:46:Infinity":16,"s:46:4:46:Infinity":17,"b:48:2:49:Infinity:undefined:undefined:undefined:undefined":1,"s:48:2:49:Infinity":18,"s:49:4:49:Infinity":19,"s:51:2:68:Infinity":20,"f:53:23:53:29":3,"s:53:29:53:58":21}}}
,"C:\\Users\\kurak\\react-2026-q2\\rs-react-app\\src\\store\\selectedStore.ts": {"path":"C:\\Users\\kurak\\react-2026-q2\\rs-react-app\\src\\store\\selectedStore.ts","statementMap":{"0":{"start":{"line":10,"column":13},"end":{"line":30,"column":null}},"1":{"start":{"line":10,"column":64},"end":{"line":30,"column":2}},"2":{"start":{"line":14,"column":8},"end":{"line":24,"column":null}},"3":{"start":{"line":15,"column":27},"end":{"line":15,"column":null}},"4":{"start":{"line":15,"column":52},"end":{"line":15,"column":75}},"5":{"start":{"line":17,"column":12},"end":{"line":22,"column":null}},"6":{"start":{"line":20,"column":21},"end":{"line":20,"column":44}},"7":{"start":{"line":27,"column":8},"end":{"line":29,"column":null}}},"fnMap":{"0":{"name":"(anonymous_0)","decl":{"start":{"line":10,"column":54},"end":{"line":10,"column":55}},"loc":{"start":{"line":10,"column":64},"end":{"line":30,"column":2}},"line":10},"1":{"name":"(anonymous_1)","decl":{"start":{"line":13,"column":20},"end":{"line":13,"column":21}},"loc":{"start":{"line":14,"column":8},"end":{"line":24,"column":null}},"line":14},"2":{"name":"(anonymous_2)","decl":{"start":{"line":14,"column":12},"end":{"line":14,"column":13}},"loc":{"start":{"line":14,"column":23},"end":{"line":24,"column":9}},"line":14},"3":{"name":"(anonymous_3)","decl":{"start":{"line":15,"column":47},"end":{"line":15,"column":52}},"loc":{"start":{"line":15,"column":52},"end":{"line":15,"column":75}},"line":15},"4":{"name":"(anonymous_4)","decl":{"start":{"line":20,"column":16},"end":{"line":20,"column":21}},"loc":{"start":{"line":20,"column":21},"end":{"line":20,"column":44}},"line":20},"5":{"name":"(anonymous_5)","decl":{"start":{"line":26,"column":19},"end":{"line":26,"column":null}},"loc":{"start":{"line":27,"column":8},"end":{"line":29,"column":null}},"line":27}},"branchMap":{"0":{"loc":{"start":{"line":18,"column":26},"end":{"line":21,"column":null}},"type":"cond-expr","locations":[{"start":{"line":19,"column":18},"end":{"line":20,"column":null}},{"start":{"line":21,"column":14},"end":{"line":21,"column":null}}],"line":18}},"s":{"0":6,"1":6,"2":3,"3":3,"4":1,"5":3,"6":1,"7":1},"f":{"0":6,"1":3,"2":3,"3":1,"4":1,"5":1},"b":{"0":[1,2]},"meta":{"lastBranch":1,"lastFunction":6,"lastStatement":8,"seen":{"s:10:13:30:Infinity":0,"f:10:54:10:55":0,"s:10:64:30:2":1,"f:13:20:13:21":1,"s:14:8:24:Infinity":2,"f:14:12:14:13":2,"s:15:27:15:Infinity":3,"f:15:47:15:52":3,"s:15:52:15:75":4,"s:17:12:22:Infinity":5,"b:19:18:20:Infinity:21:14:21:Infinity":0,"f:20:16:20:21":4,"s:20:21:20:44":6,"f:26:19:26:Infinity":5,"s:27:8:29:Infinity":7}}}
,"C:\\Users\\kurak\\react-2026-q2\\rs-react-app\\src\\types\\index.ts": {"path":"C:\\Users\\kurak\\react-2026-q2\\rs-react-app\\src\\types\\index.ts","statementMap":{},"fnMap":{},"branchMap":{},"s":{},"f":{},"b":{},"meta":{"lastBranch":0,"lastFunction":0,"lastStatement":0,"seen":{}}}
}
