<?xml version="1.0" encoding="UTF-8"?>
<coverage generated="1781029676269" clover="3.2.0">
  <project timestamp="1781029676269" name="All files">
    <metrics statements="32" coveredstatements="23" conditionals="26" coveredconditionals="11" methods="5" coveredmethods="5" elements="63" coveredelements="39" complexity="0" loc="32" ncloc="32" packages="1" files="2" classes="2"/>
    <file name="Modal.module.css" path="C:\Users\kurak\react-2026-q2\react-forms\src\components\Modal\Modal.module.css">
      <metrics statements="0" coveredstatements="0" conditionals="0" coveredconditionals="0" methods="0" coveredmethods="0"/>
    </file>
    <file name="Modal.tsx" path="C:\Users\kurak\react-2026-q2\react-forms\src\components\Modal\Modal.tsx">
      <metrics statements="32" coveredstatements="23" conditionals="26" coveredconditionals="11" methods="5" coveredmethods="5"/>
      <line num="14" count="6" type="stmt"/>
      <line num="16" count="6" type="cond" truecount="1" falsecount="1"/>
      <line num="18" count="6" type="stmt"/>
      <line num="20" count="6" type="stmt"/>
      <line num="22" count="6" type="stmt"/>
      <line num="23" count="6" type="cond" truecount="2" falsecount="0"/>
      <line num="24" count="1" type="stmt"/>
      <line num="27" count="5" type="cond" truecount="1" falsecount="1"/>
      <line num="31" count="6" type="stmt"/>
      <line num="33" count="6" type="stmt"/>
      <line num="36" count="1" type="cond" truecount="1" falsecount="1"/>
      <line num="37" count="1" type="stmt"/>
      <line num="40" count="1" type="cond" truecount="1" falsecount="1"/>
      <line num="41" count="1" type="stmt"/>
      <line num="44" count="0" type="stmt"/>
      <line num="54" count="1" type="cond" truecount="2" falsecount="2"/>
      <line num="56" count="0" type="stmt"/>
      <line num="58" count="0" type="stmt"/>
      <line num="60" count="0" type="cond" truecount="0" falsecount="4"/>
      <line num="61" count="0" type="stmt"/>
      <line num="62" count="0" type="stmt"/>
      <line num="65" count="0" type="cond" truecount="0" falsecount="4"/>
      <line num="66" count="0" type="stmt"/>
      <line num="67" count="0" type="stmt"/>
      <line num="71" count="6" type="stmt"/>
      <line num="73" count="6" type="stmt"/>
      <line num="74" count="5" type="stmt"/>
      <line num="76" count="5" type="stmt"/>
      <line num="80" count="6" type="cond" truecount="2" falsecount="0"/>
      <line num="82" count="5" type="cond" truecount="1" falsecount="1"/>
      <line num="84" count="5" type="stmt"/>
      <line num="96" count="1" type="stmt"/>
    </file>
  </project>
</coverage>
