{"C:\\Users\\kurak\\react-2026-q2\\react-forms\\src\\components\\Modal\\Modal.module.css": {"path":"C:\\Users\\kurak\\react-2026-q2\\react-forms\\src\\components\\Modal\\Modal.module.css","statementMap":{},"fnMap":{},"branchMap":{},"s":{},"f":{},"b":{},"meta":{"lastBranch":0,"lastFunction":0,"lastStatement":0,"seen":{}}}
,"C:\\Users\\kurak\\react-2026-q2\\react-forms\\src\\components\\Modal\\Modal.tsx": {"path":"C:\\Users\\kurak\\react-2026-q2\\react-forms\\src\\components\\Modal\\Modal.tsx","statementMap":{"0":{"start":{"line":14,"column":22},"end":{"line":14,"column":null}},"1":{"start":{"line":16,"column":4},"end":{"line":16,"column":null}},"2":{"start":{"line":16,"column":20},"end":{"line":16,"column":null}},"3":{"start":{"line":18,"column":10},"end":{"line":18,"column":null}},"4":{"start":{"line":20,"column":10},"end":{"line":20,"column":null}},"5":{"start":{"line":22,"column":4},"end":{"line":78,"column":null}},"6":{"start":{"line":23,"column":8},"end":{"line":25,"column":null}},"7":{"start":{"line":24,"column":12},"end":{"line":24,"column":null}},"8":{"start":{"line":27,"column":8},"end":{"line":29,"column":null}},"9":{"start":{"line":31,"column":8},"end":{"line":31,"column":null}},"10":{"start":{"line":33,"column":14},"end":{"line":69,"column":null}},"11":{"start":{"line":36,"column":12},"end":{"line":38,"column":null}},"12":{"start":{"line":37,"column":16},"end":{"line":37,"column":null}},"13":{"start":{"line":40,"column":12},"end":{"line":42,"column":null}},"14":{"start":{"line":41,"column":16},"end":{"line":41,"column":null}},"15":{"start":{"line":44,"column":38},"end":{"line":52,"column":null}},"16":{"start":{"line":54,"column":12},"end":{"line":54,"column":null}},"17":{"start":{"line":54,"column":70},"end":{"line":54,"column":null}},"18":{"start":{"line":56,"column":33},"end":{"line":56,"column":null}},"19":{"start":{"line":58,"column":32},"end":{"line":58,"column":null}},"20":{"start":{"line":60,"column":12},"end":{"line":63,"column":null}},"21":{"start":{"line":61,"column":16},"end":{"line":61,"column":null}},"22":{"start":{"line":62,"column":16},"end":{"line":62,"column":null}},"23":{"start":{"line":65,"column":12},"end":{"line":68,"column":null}},"24":{"start":{"line":66,"column":16},"end":{"line":66,"column":null}},"25":{"start":{"line":67,"column":16},"end":{"line":67,"column":null}},"26":{"start":{"line":71,"column":8},"end":{"line":71,"column":null}},"27":{"start":{"line":73,"column":8},"end":{"line":77,"column":null}},"28":{"start":{"line":74,"column":12},"end":{"line":74,"column":null}},"29":{"start":{"line":76,"column":12},"end":{"line":76,"column":null}},"30":{"start":{"line":80,"column":4},"end":{"line":80,"column":null}},"31":{"start":{"line":80,"column":17},"end":{"line":80,"column":null}},"32":{"start":{"line":82,"column":4},"end":{"line":82,"column":null}},"33":{"start":{"line":82,"column":19},"end":{"line":82,"column":null}},"34":{"start":{"line":84,"column":4},"end":{"line":102,"column":null}},"35":{"start":{"line":96,"column":32},"end":{"line":96,"column":null}}},"fnMap":{"0":{"name":"Modal","decl":{"start":{"line":13,"column":24},"end":{"line":13,"column":30}},"loc":{"start":{"line":13,"column":72},"end":{"line":103,"column":null}},"line":13},"1":{"name":"(anonymous_1)","decl":{"start":{"line":22,"column":4},"end":{"line":22,"column":20}},"loc":{"start":{"line":22,"column":20},"end":{"line":78,"column":7}},"line":22},"2":{"name":"(anonymous_2)","decl":{"start":{"line":33,"column":14},"end":{"line":33,"column":null}},"loc":{"start":{"line":35,"column":13},"end":{"line":69,"column":null}},"line":35},"3":{"name":"(anonymous_3)","decl":{"start":{"line":73,"column":8},"end":{"line":73,"column":21}},"loc":{"start":{"line":73,"column":21},"end":{"line":77,"column":null}},"line":73},"4":{"name":"(anonymous_4)","decl":{"start":{"line":96,"column":12},"end":{"line":96,"column":22}},"loc":{"start":{"line":96,"column":32},"end":{"line":96,"column":null}},"line":96}},"branchMap":{"0":{"loc":{"start":{"line":16,"column":4},"end":{"line":16,"column":null}},"type":"if","locations":[{"start":{"line":16,"column":4},"end":{"line":16,"column":null}},{"start":{},"end":{}}],"line":16},"1":{"loc":{"start":{"line":23,"column":8},"end":{"line":25,"column":null}},"type":"if","locations":[{"start":{"line":23,"column":8},"end":{"line":25,"column":null}},{"start":{},"end":{}}],"line":23},"2":{"loc":{"start":{"line":27,"column":35},"end":{"line":29,"column":null}},"type":"cond-expr","locations":[{"start":{"line":28,"column":10},"end":{"line":28,"column":null}},{"start":{"line":29,"column":10},"end":{"line":29,"column":null}}],"line":27},"3":{"loc":{"start":{"line":36,"column":12},"end":{"line":38,"column":null}},"type":"if","locations":[{"start":{"line":36,"column":12},"end":{"line":38,"column":null}},{"start":{},"end":{}}],"line":36},"4":{"loc":{"start":{"line":40,"column":12},"end":{"line":42,"column":null}},"type":"if","locations":[{"start":{"line":40,"column":12},"end":{"line":42,"column":null}},{"start":{},"end":{}}],"line":40},"5":{"loc":{"start":{"line":54,"column":12},"end":{"line":54,"column":null}},"type":"if","locations":[{"start":{"line":54,"column":12},"end":{"line":54,"column":null}},{"start":{},"end":{}}],"line":54},"6":{"loc":{"start":{"line":54,"column":16},"end":{"line":54,"column":70}},"type":"binary-expr","locations":[{"start":{"line":54,"column":16},"end":{"line":54,"column":38}},{"start":{"line":54,"column":38},"end":{"line":54,"column":70}}],"line":54},"7":{"loc":{"start":{"line":60,"column":12},"end":{"line":63,"column":null}},"type":"if","locations":[{"start":{"line":60,"column":12},"end":{"line":63,"column":null}},{"start":{},"end":{}}],"line":60},"8":{"loc":{"start":{"line":60,"column":16},"end":{"line":60,"column":75}},"type":"binary-expr","locations":[{"start":{"line":60,"column":16},"end":{"line":60,"column":35}},{"start":{"line":60,"column":35},"end":{"line":60,"column":75}}],"line":60},"9":{"loc":{"start":{"line":65,"column":12},"end":{"line":68,"column":null}},"type":"if","locations":[{"start":{"line":65,"column":12},"end":{"line":68,"column":null}},{"start":{},"end":{}}],"line":65},"10":{"loc":{"start":{"line":65,"column":16},"end":{"line":65,"column":75}},"type":"binary-expr","locations":[{"start":{"line":65,"column":16},"end":{"line":65,"column":34}},{"start":{"line":65,"column":34},"end":{"line":65,"column":75}}],"line":65},"11":{"loc":{"start":{"line":80,"column":4},"end":{"line":80,"column":null}},"type":"if","locations":[{"start":{"line":80,"column":4},"end":{"line":80,"column":null}},{"start":{},"end":{}}],"line":80},"12":{"loc":{"start":{"line":82,"column":4},"end":{"line":82,"column":null}},"type":"if","locations":[{"start":{"line":82,"column":4},"end":{"line":82,"column":null}},{"start":{},"end":{}}],"line":82}},"s":{"0":6,"1":6,"2":0,"3":6,"4":6,"5":6,"6":6,"7":1,"8":5,"9":6,"10":6,"11":1,"12":1,"13":1,"14":1,"15":0,"16":1,"17":0,"18":0,"19":0,"20":0,"21":0,"22":0,"23":0,"24":0,"25":0,"26":6,"27":6,"28":5,"29":5,"30":6,"31":1,"32":5,"33":0,"34":5,"35":1},"f":{"0":6,"1":6,"2":1,"3":5,"4":1},"b":{"0":[0,6],"1":[1,5],"2":[5,0],"3":[1,0],"4":[1,0],"5":[0,1],"6":[1,0],"7":[0,0],"8":[0,0],"9":[0,0],"10":[0,0],"11":[1,5],"12":[0,5]},"meta":{"lastBranch":13,"lastFunction":5,"lastStatement":36,"seen":{"f:13:24:13:30":0,"s:14:22:14:Infinity":0,"b:16:4:16:Infinity:undefined:undefined:undefined:undefined":0,"s:16:4:16:Infinity":1,"s:16:20:16:Infinity":2,"s:18:10:18:Infinity":3,"s:20:10:20:Infinity":4,"s:22:4:78:Infinity":5,"f:22:4:22:20":1,"b:23:8:25:Infinity:undefined:undefined:undefined:undefined":1,"s:23:8:25:Infinity":6,"s:24:12:24:Infinity":7,"s:27:8:29:Infinity":8,"b:28:10:28:Infinity:29:10:29:Infinity":2,"s:31:8:31:Infinity":9,"s:33:14:69:Infinity":10,"f:33:14:33:Infinity":2,"b:36:12:38:Infinity:undefined:undefined:undefined:undefined":3,"s:36:12:38:Infinity":11,"s:37:16:37:Infinity":12,"b:40:12:42:Infinity:undefined:undefined:undefined:undefined":4,"s:40:12:42:Infinity":13,"s:41:16:41:Infinity":14,"s:44:38:52:Infinity":15,"b:54:12:54:Infinity:undefined:undefined:undefined:undefined":5,"s:54:12:54:Infinity":16,"b:54:16:54:38:54:38:54:70":6,"s:54:70:54:Infinity":17,"s:56:33:56:Infinity":18,"s:58:32:58:Infinity":19,"b:60:12:63:Infinity:undefined:undefined:undefined:undefined":7,"s:60:12:63:Infinity":20,"b:60:16:60:35:60:35:60:75":8,"s:61:16:61:Infinity":21,"s:62:16:62:Infinity":22,"b:65:12:68:Infinity:undefined:undefined:undefined:undefined":9,"s:65:12:68:Infinity":23,"b:65:16:65:34:65:34:65:75":10,"s:66:16:66:Infinity":24,"s:67:16:67:Infinity":25,"s:71:8:71:Infinity":26,"s:73:8:77:Infinity":27,"f:73:8:73:21":3,"s:74:12:74:Infinity":28,"s:76:12:76:Infinity":29,"b:80:4:80:Infinity:undefined:undefined:undefined:undefined":11,"s:80:4:80:Infinity":30,"s:80:17:80:Infinity":31,"b:82:4:82:Infinity:undefined:undefined:undefined:undefined":12,"s:82:4:82:Infinity":32,"s:82:19:82:Infinity":33,"s:84:4:102:Infinity":34,"f:96:12:96:22":4,"s:96:32:96:Infinity":35}}}
}
